<?xml version="1.0" encoding="UTF-8"?>
<!-- Generated by org.testng.reporters.JUnitReportReporter -->
<testsuite skipped="0" hostname="CL-NB-464" name="Tsoft.Nebula.nebulaLogin" tests="1" failures="0" timestamp="2019-08-23T16:41:23 CLT" time="39.404" errors="0">
  <testcase name="pruebaUno" time="39.404" classname="Tsoft.Nebula.nebulaLogin"/>
</testsuite> <!-- Tsoft.Nebula.nebulaLogin -->
